2021-10-28 10:58:55.484 -03 [40268] LOG:  starting PostgreSQL 13.4 on x86_64-apple-darwin19.6.0, compiled by Apple clang version 11.0.3 (clang-1103.0.32.62), 64-bit
2021-10-28 10:58:55.486 -03 [40268] LOG:  listening on IPv6 address "::1", port 5432
2021-10-28 10:58:55.486 -03 [40268] LOG:  listening on IPv4 address "127.0.0.1", port 5432
2021-10-28 10:58:55.487 -03 [40268] LOG:  listening on Unix socket "/tmp/.s.PGSQL.5432"
2021-10-28 10:58:55.491 -03 [40269] LOG:  database system was shut down at 2021-10-28 10:58:55 -03
2021-10-28 10:58:55.495 -03 [40268] LOG:  database system is ready to accept connections
2021-10-28 11:00:22.688 -03 [41003] FATAL:  role "dbuser" does not exist
2021-10-28 11:00:22.715 -03 [41005] FATAL:  role "dbuser" does not exist
2021-10-28 11:00:22.718 -03 [41006] FATAL:  role "dbuser" does not exist
2021-10-28 11:00:22.720 -03 [41007] FATAL:  role "dbuser" does not exist
2021-10-28 11:02:17.302 -03 [41318] FATAL:  database "unionchurch" does not exist
2021-10-28 11:31:19.983 -03 [45664] LOG:  could not receive data from client: Connection reset by peer
2021-10-28 11:39:29.394 -03 [46589] LOG:  could not receive data from client: Connection reset by peer
2021-10-28 11:47:33.092 -03 [47713] LOG:  could not receive data from client: Connection reset by peer
2021-10-28 11:48:26.818 -03 [47897] LOG:  could not receive data from client: Connection reset by peer
2021-10-28 11:48:58.474 -03 [48029] LOG:  could not receive data from client: Connection reset by peer
2021-10-28 11:50:06.870 -03 [48217] LOG:  could not receive data from client: Connection reset by peer
2021-10-29 22:26:56.161 -03 [40274] LOG:  could not open temporary statistics file "pg_stat_tmp/global.tmp": No such file or directory
2021-10-29 22:26:56.843 -03 [40274] LOG:  could not open temporary statistics file "pg_stat_tmp/global.tmp": No such file or directory
2021-10-29 22:26:56.843 -03 [40274] LOG:  could not open temporary statistics file "pg_stat_tmp/global.tmp": No such file or directory
2021-10-29 22:26:57.522 -03 [40274] LOG:  could not open temporary statistics file "pg_stat_tmp/global.tmp": No such file or directory
2021-10-29 22:26:57.522 -03 [40274] LOG:  could not open temporary statistics file "pg_stat_tmp/global.tmp": No such file or directory
2021-10-29 22:26:58.207 -03 [40274] LOG:  could not open temporary statistics file "pg_stat_tmp/global.tmp": No such file or directory
2021-10-29 22:26:58.207 -03 [40274] LOG:  could not open temporary statistics file "pg_stat_tmp/global.tmp": No such file or directory
2021-10-29 22:26:58.895 -03 [40274] LOG:  could not open temporary statistics file "pg_stat_tmp/global.tmp": No such file or directory
2021-10-29 22:26:58.896 -03 [40274] LOG:  could not open temporary statistics file "pg_stat_tmp/global.tmp": No such file or directory
2021-10-29 22:26:59.579 -03 [40274] LOG:  could not open temporary statistics file "pg_stat_tmp/global.tmp": No such file or directory
2021-10-29 22:26:59.579 -03 [40274] LOG:  could not open temporary statistics file "pg_stat_tmp/global.tmp": No such file or directory
2021-10-29 22:27:00.262 -03 [40274] LOG:  could not open temporary statistics file "pg_stat_tmp/global.tmp": No such file or directory
2021-10-29 22:27:00.262 -03 [40274] LOG:  could not open temporary statistics file "pg_stat_tmp/global.tmp": No such file or directory
2021-10-29 22:27:00.942 -03 [40274] LOG:  could not open temporary statistics file "pg_stat_tmp/global.tmp": No such file or directory
2021-10-29 22:27:00.942 -03 [40274] LOG:  could not open temporary statistics file "pg_stat_tmp/global.tmp": No such file or directory
2021-10-29 22:27:01.625 -03 [40274] LOG:  could not open temporary statistics file "pg_stat_tmp/global.tmp": No such file or directory
2021-10-29 22:27:01.625 -03 [40274] LOG:  could not open temporary statistics file "pg_stat_tmp/global.tmp": No such file or directory
2021-10-29 22:27:02.308 -03 [40274] LOG:  could not open temporary statistics file "pg_stat_tmp/global.tmp": No such file or directory
2021-10-29 22:27:02.308 -03 [40274] LOG:  could not open temporary statistics file "pg_stat_tmp/global.tmp": No such file or directory
2021-10-29 22:27:02.993 -03 [40274] LOG:  could not open temporary statistics file "pg_stat_tmp/global.tmp": No such file or directory
2021-10-29 22:27:02.993 -03 [40274] LOG:  could not open temporary statistics file "pg_stat_tmp/global.tmp": No such file or directory
2021-10-29 22:27:03.673 -03 [40274] LOG:  could not open temporary statistics file "pg_stat_tmp/global.tmp": No such file or directory
2021-10-29 22:27:03.673 -03 [40274] LOG:  could not open temporary statistics file "pg_stat_tmp/global.tmp": No such file or directory
2021-10-29 22:27:04.354 -03 [40274] LOG:  could not open temporary statistics file "pg_stat_tmp/global.tmp": No such file or directory
2021-10-29 22:27:04.354 -03 [40274] LOG:  could not open temporary statistics file "pg_stat_tmp/global.tmp": No such file or directory
2021-10-29 22:27:05.034 -03 [40274] LOG:  could not open temporary statistics file "pg_stat_tmp/global.tmp": No such file or directory
2021-10-29 22:27:05.035 -03 [40274] LOG:  could not open temporary statistics file "pg_stat_tmp/global.tmp": No such file or directory
2021-10-29 22:27:05.715 -03 [40274] LOG:  could not open temporary statistics file "pg_stat_tmp/global.tmp": No such file or directory
2021-10-29 22:27:05.716 -03 [40274] LOG:  could not open temporary statistics file "pg_stat_tmp/global.tmp": No such file or directory
2021-10-29 22:27:06.400 -03 [40274] LOG:  could not open temporary statistics file "pg_stat_tmp/global.tmp": No such file or directory
2021-10-29 22:27:06.400 -03 [40274] LOG:  could not open temporary statistics file "pg_stat_tmp/global.tmp": No such file or directory
2021-10-29 22:27:06.827 -03 [40273] LOG:  using stale statistics instead of current ones because stats collector is not responding
2021-10-29 22:27:06.827 -03 [40274] LOG:  could not open temporary statistics file "pg_stat_tmp/global.tmp": No such file or directory
2021-10-29 22:27:06.827 -03 [40274] LOG:  could not open temporary statistics file "pg_stat_tmp/global.tmp": No such file or directory
2021-10-29 22:27:07.506 -03 [40274] LOG:  could not open temporary statistics file "pg_stat_tmp/global.tmp": No such file or directory
2021-10-29 22:27:07.506 -03 [40274] LOG:  could not open temporary statistics file "pg_stat_tmp/global.tmp": No such file or directory
2021-10-29 22:27:08.185 -03 [40274] LOG:  could not open temporary statistics file "pg_stat_tmp/global.tmp": No such file or directory
2021-10-29 22:27:08.185 -03 [40274] LOG:  could not open temporary statistics file "pg_stat_tmp/global.tmp": No such file or directory
2021-10-29 22:27:08.868 -03 [40274] LOG:  could not open temporary statistics file "pg_stat_tmp/global.tmp": No such file or directory
2021-10-29 22:27:08.868 -03 [40274] LOG:  could not open temporary statistics file "pg_stat_tmp/global.tmp": No such file or directory
2021-10-29 22:27:09.545 -03 [40274] LOG:  could not open temporary statistics file "pg_stat_tmp/global.tmp": No such file or directory
2021-10-29 22:27:09.545 -03 [40274] LOG:  could not open temporary statistics file "pg_stat_tmp/global.tmp": No such file or directory
2021-10-29 22:27:10.222 -03 [40274] LOG:  could not open temporary statistics file "pg_stat_tmp/global.tmp": No such file or directory
2021-10-29 22:27:10.222 -03 [40274] LOG:  could not open temporary statistics file "pg_stat_tmp/global.tmp": No such file or directory
2021-10-29 22:27:10.898 -03 [40274] LOG:  could not open temporary statistics file "pg_stat_tmp/global.tmp": No such file or directory
2021-10-29 22:27:10.898 -03 [40274] LOG:  could not open temporary statistics file "pg_stat_tmp/global.tmp": No such file or directory
2021-10-29 22:27:11.574 -03 [40274] LOG:  could not open temporary statistics file "pg_stat_tmp/global.tmp": No such file or directory
2021-10-29 22:27:11.574 -03 [40274] LOG:  could not open temporary statistics file "pg_stat_tmp/global.tmp": No such file or directory
2021-10-29 22:27:12.245 -03 [40274] LOG:  could not open temporary statistics file "pg_stat_tmp/global.tmp": No such file or directory
2021-10-29 22:27:12.245 -03 [40274] LOG:  could not open temporary statistics file "pg_stat_tmp/global.tmp": No such file or directory
2021-10-29 22:27:12.911 -03 [40274] LOG:  could not open temporary statistics file "pg_stat_tmp/global.tmp": No such file or directory
2021-10-29 22:27:12.911 -03 [40274] LOG:  could not open temporary statistics file "pg_stat_tmp/global.tmp": No such file or directory
2021-10-29 22:27:13.575 -03 [40274] LOG:  could not open temporary statistics file "pg_stat_tmp/global.tmp": No such file or directory
2021-10-29 22:27:13.575 -03 [40274] LOG:  could not open temporary statistics file "pg_stat_tmp/global.tmp": No such file or directory
2021-10-29 22:27:14.246 -03 [40274] LOG:  could not open temporary statistics file "pg_stat_tmp/global.tmp": No such file or directory
2021-10-29 22:27:14.246 -03 [40274] LOG:  could not open temporary statistics file "pg_stat_tmp/global.tmp": No such file or directory
2021-10-29 22:27:14.913 -03 [40274] LOG:  could not open temporary statistics file "pg_stat_tmp/global.tmp": No such file or directory
2021-10-29 22:27:14.913 -03 [40274] LOG:  could not open temporary statistics file "pg_stat_tmp/global.tmp": No such file or directory
2021-10-29 22:27:15.575 -03 [40274] LOG:  could not open temporary statistics file "pg_stat_tmp/global.tmp": No such file or directory
2021-10-29 22:27:15.575 -03 [40274] LOG:  could not open temporary statistics file "pg_stat_tmp/global.tmp": No such file or directory
2021-10-29 22:27:16.246 -03 [40274] LOG:  could not open temporary statistics file "pg_stat_tmp/global.tmp": No such file or directory
2021-10-29 22:27:16.246 -03 [40274] LOG:  could not open temporary statistics file "pg_stat_tmp/global.tmp": No such file or directory
2021-10-29 22:27:16.928 -03 [40274] LOG:  could not open temporary statistics file "pg_stat_tmp/global.tmp": No such file or directory
2021-10-29 22:27:16.928 -03 [40274] LOG:  could not open temporary statistics file "pg_stat_tmp/global.tmp": No such file or directory
2021-10-29 22:27:17.348 -03 [40273] LOG:  using stale statistics instead of current ones because stats collector is not responding
2021-10-29 22:27:17.349 -03 [40274] LOG:  could not open temporary statistics file "pg_stat_tmp/global.tmp": No such file or directory
2021-10-29 22:27:17.349 -03 [40274] LOG:  could not open temporary statistics file "pg_stat_tmp/global.tmp": No such file or directory
2021-10-29 22:27:18.027 -03 [40274] LOG:  could not open temporary statistics file "pg_stat_tmp/global.tmp": No such file or directory
2021-10-29 22:27:18.027 -03 [40274] LOG:  could not open temporary statistics file "pg_stat_tmp/global.tmp": No such file or directory
2021-10-29 22:27:18.708 -03 [40274] LOG:  could not open temporary statistics file "pg_stat_tmp/global.tmp": No such file or directory
2021-10-29 22:27:18.708 -03 [40274] LOG:  could not open temporary statistics file "pg_stat_tmp/global.tmp": No such file or directory
2021-10-29 22:27:19.390 -03 [40274] LOG:  could not open temporary statistics file "pg_stat_tmp/global.tmp": No such file or directory
2021-10-29 22:27:19.390 -03 [40274] LOG:  could not open temporary statistics file "pg_stat_tmp/global.tmp": No such file or directory
2021-10-29 22:27:20.066 -03 [40274] LOG:  could not open temporary statistics file "pg_stat_tmp/global.tmp": No such file or directory
2021-10-29 22:27:20.066 -03 [40274] LOG:  could not open temporary statistics file "pg_stat_tmp/global.tmp": No such file or directory
2021-10-29 22:27:20.746 -03 [40274] LOG:  could not open temporary statistics file "pg_stat_tmp/global.tmp": No such file or directory
2021-10-29 22:27:20.746 -03 [40274] LOG:  could not open temporary statistics file "pg_stat_tmp/global.tmp": No such file or directory
2021-10-29 22:27:21.428 -03 [40274] LOG:  could not open temporary statistics file "pg_stat_tmp/global.tmp": No such file or directory
2021-10-29 22:27:21.428 -03 [40274] LOG:  could not open temporary statistics file "pg_stat_tmp/global.tmp": No such file or directory
2021-10-29 22:27:22.109 -03 [40274] LOG:  could not open temporary statistics file "pg_stat_tmp/global.tmp": No such file or directory
2021-10-29 22:27:22.109 -03 [40274] LOG:  could not open temporary statistics file "pg_stat_tmp/global.tmp": No such file or directory
2021-10-29 22:27:22.790 -03 [40274] LOG:  could not open temporary statistics file "pg_stat_tmp/global.tmp": No such file or directory
2021-10-29 22:27:22.790 -03 [40274] LOG:  could not open temporary statistics file "pg_stat_tmp/global.tmp": No such file or directory
2021-10-29 22:27:23.442 -03 [40274] LOG:  could not open temporary statistics file "pg_stat_tmp/global.tmp": No such file or directory
2021-10-29 22:27:23.442 -03 [40274] LOG:  could not open temporary statistics file "pg_stat_tmp/global.tmp": No such file or directory
2021-10-29 22:27:24.116 -03 [40274] LOG:  could not open temporary statistics file "pg_stat_tmp/global.tmp": No such file or directory
2021-10-29 22:27:24.116 -03 [40274] LOG:  could not open temporary statistics file "pg_stat_tmp/global.tmp": No such file or directory
2021-10-29 22:27:24.776 -03 [40274] LOG:  could not open temporary statistics file "pg_stat_tmp/global.tmp": No such file or directory
2021-10-29 22:27:24.776 -03 [40274] LOG:  could not open temporary statistics file "pg_stat_tmp/global.tmp": No such file or directory
2021-10-29 22:27:25.439 -03 [40274] LOG:  could not open temporary statistics file "pg_stat_tmp/global.tmp": No such file or directory
2021-10-29 22:27:25.439 -03 [40274] LOG:  could not open temporary statistics file "pg_stat_tmp/global.tmp": No such file or directory
2021-10-29 22:27:26.107 -03 [40274] LOG:  could not open temporary statistics file "pg_stat_tmp/global.tmp": No such file or directory
2021-10-29 22:27:26.107 -03 [40274] LOG:  could not open temporary statistics file "pg_stat_tmp/global.tmp": No such file or directory
2021-10-29 22:27:26.765 -03 [40274] LOG:  could not open temporary statistics file "pg_stat_tmp/global.tmp": No such file or directory
2021-10-29 22:27:26.765 -03 [40274] LOG:  could not open temporary statistics file "pg_stat_tmp/global.tmp": No such file or directory
2021-10-29 22:27:27.422 -03 [40274] LOG:  could not open temporary statistics file "pg_stat_tmp/global.tmp": No such file or directory
2021-10-29 22:27:27.422 -03 [40274] LOG:  could not open temporary statistics file "pg_stat_tmp/global.tmp": No such file or directory
2021-10-29 22:27:27.830 -03 [40273] LOG:  using stale statistics instead of current ones because stats collector is not responding
2021-10-29 22:27:36.391 -03 [40268] LOG:  could not open file "postmaster.pid": No such file or directory
2021-10-29 22:27:36.391 -03 [40268] LOG:  performing immediate shutdown because data directory lock file is invalid
2021-10-29 22:27:36.391 -03 [40268] LOG:  received immediate shutdown request
2021-10-29 22:27:36.392 -03 [40268] LOG:  could not open file "postmaster.pid": No such file or directory
2021-10-29 22:27:36.392 -03 [40273] WARNING:  terminating connection because of crash of another server process
2021-10-29 22:27:36.392 -03 [40273] DETAIL:  The postmaster has commanded this server process to roll back the current transaction and exit, because another server process exited abnormally and possibly corrupted shared memory.
2021-10-29 22:27:36.392 -03 [40273] HINT:  In a moment you should be able to reconnect to the database and repeat your command.
2021-10-29 22:27:36.393 -03 [7222] WARNING:  terminating connection because of crash of another server process
2021-10-29 22:27:36.393 -03 [7222] DETAIL:  The postmaster has commanded this server process to roll back the current transaction and exit, because another server process exited abnormally and possibly corrupted shared memory.
2021-10-29 22:27:36.393 -03 [7222] HINT:  In a moment you should be able to reconnect to the database and repeat your command.
2021-10-29 22:27:36.394 -03 [8164] WARNING:  terminating connection because of crash of another server process
2021-10-29 22:27:36.394 -03 [8164] DETAIL:  The postmaster has commanded this server process to roll back the current transaction and exit, because another server process exited abnormally and possibly corrupted shared memory.
2021-10-29 22:27:36.394 -03 [8164] HINT:  In a moment you should be able to reconnect to the database and repeat your command.
2021-10-29 22:27:36.398 -03 [40268] LOG:  database system is shut down
